<?xml version="1.0" encoding="UTF-8"?>
<!-- Generated by org.testng.reporters.JUnitReportReporter -->
<testsuite skipped="0" hostname="DESKTOP-I0GA969" name="Package_1.KeywordDriven_Framework" tests="1" failures="0" timestamp="26 Nov 2018 02:42:35 GMT" time="12.637" errors="0">
  <testcase name="test" time="12.637" classname="Package_1.KeywordDriven_Framework"/>
</testsuite> <!-- Package_1.KeywordDriven_Framework -->
