<?xml version="1.0" encoding="UTF-8"?>
<!-- Generated by org.testng.reporters.JUnitReportReporter -->
<testsuite skipped="1" hostname="DESKTOP-I0GA969" name="Package_1.TestNG_4" tests="8" failures="0" timestamp="28 Nov 2018 05:06:45 GMT" time="0.017" errors="0">
  <testcase name="test_4" time="0.000" classname="Package_1.TestNG_4"/>
  <testcase name="test_4" time="0.001" classname="Package_1.TestNG_4"/>
  <testcase name="test_2" time="0.012" classname="Package_1.TestNG_4"/>
  <testcase name="test_4" time="0.001" classname="Package_1.TestNG_4"/>
  <testcase name="test_4" time="0.001" classname="Package_1.TestNG_4"/>
  <testcase name="test_4" time="0.000" classname="Package_1.TestNG_4"/>
  <testcase name="test_3" time="0.002" classname="Package_1.TestNG_4"/>
  <testcase name="test" classname="Package_1.TestNG_4">
    <skipped/>
  </testcase> <!-- test -->
</testsuite> <!-- Package_1.TestNG_4 -->
