<?xml version="1.0" encoding="UTF-8"?>
<!-- Generated by org.testng.reporters.JUnitReportReporter -->
<testsuite skipped="0" hostname="DESKTOP-I0GA969" name="Package_1.TestNg_3" tests="3" failures="0" timestamp="28 Nov 2018 04:53:01 GMT" time="0.008" errors="0">
  <testcase name="test_3" time="0.006" classname="Package_1.TestNg_3"/>
  <testcase name="test_2" time="0.001" classname="Package_1.TestNg_3"/>
  <testcase name="test" time="0.001" classname="Package_1.TestNg_3"/>
</testsuite> <!-- Package_1.TestNg_3 -->
