<?xml version="1.0" encoding="UTF-8"?>
<!-- Generated by org.testng.reporters.JUnitReportReporter -->
<testsuite skipped="0" hostname="DESKTOP-I0GA969" name="Package_1.TestNg_5" tests="4" failures="0" timestamp="30 Nov 2018 03:29:34 GMT" time="0.030" errors="0">
  <testcase name="test_4" time="0.016" classname="Package_1.TestNg_5"/>
  <testcase name="test" time="0.014" classname="Package_1.TestNg_5"/>
  <testcase name="test_3" time="0.000" classname="Package_1.TestNg_5"/>
  <testcase name="test_2" time="0.000" classname="Package_1.TestNg_5"/>
</testsuite> <!-- Package_1.TestNg_5 -->
