<?xml version="1.0" encoding="UTF-8"?>
<!-- Generated by org.testng.reporters.JUnitReportReporter -->
<testsuite skipped="0" hostname="DESKTOP-I0GA969" name="Package_1.newTestNg_2" tests="2" failures="0" timestamp="30 Nov 2018 03:13:41 GMT" time="0.043" errors="0">
  <testcase name="function_2" time="0.040" classname="Package_1.newTestNg_2"/>
  <testcase name="function_3" time="0.003" classname="Package_1.newTestNg_2"/>
</testsuite> <!-- Package_1.newTestNg_2 -->
