<?xml version="1.0" encoding="UTF-8"?>
<!-- Generated by org.testng.reporters.JUnitReportReporter -->
<testsuite skipped="0" hostname="DESKTOP-I0GA969" name="Package_1.TestNg_2" tests="3" failures="0" timestamp="08 Dec 2018 04:22:13 GMT" time="5.526" errors="0">
  <testcase name="test_2" time="0.000" classname="Package_1.TestNg_2"/>
  <testcase name="test_3" time="0.000" classname="Package_1.TestNg_2"/>
  <testcase name="test" time="5.526" classname="Package_1.TestNg_2"/>
</testsuite> <!-- Package_1.TestNg_2 -->
